[debug] [2023-11-08T19:23:03.594Z] ----------------------------------------------------------------------
[debug] [2023-11-08T19:23:03.601Z] Command:       C:\Program Files\nodejs\node.exe C:\Users\HP\AppData\Roaming\npm\node_modules\firebase-tools\lib\bin\firebase.js init
[debug] [2023-11-08T19:23:03.602Z] CLI Version:   12.8.1
[debug] [2023-11-08T19:23:03.602Z] Platform:      win32
[debug] [2023-11-08T19:23:03.602Z] Node Version:  v20.4.0
[debug] [2023-11-08T19:23:03.602Z] Time:          Thu Nov 09 2023 01:23:03 GMT+0600 (Bangladesh Standard Time)
[debug] [2023-11-08T19:23:03.602Z] ----------------------------------------------------------------------
[debug] 
[debug] [2023-11-08T19:23:03.614Z] > command requires scopes: ["email","openid","https://www.googleapis.com/auth/cloudplatformprojects.readonly","https://www.googleapis.com/auth/firebase","https://www.googleapis.com/auth/cloud-platform"]
[debug] [2023-11-08T19:23:03.615Z] > authorizing via signed-in user (ssjoy43@gmail.com)
[info] 
     ######## #### ########  ######## ########     ###     ######  ########
     ##        ##  ##     ## ##       ##     ##  ##   ##  ##       ##
     ######    ##  ########  ######   ########  #########  ######  ######
     ##        ##  ##    ##  ##       ##     ## ##     ##       ## ##
     ##       #### ##     ## ######## ########  ##     ##  ######  ########

You're about to initialize a Firebase project in this directory:

  G:\Programming hero batch 8\Assingment\assingment 11\server-hotelmanagement

[info] 
=== Project Setup
[info] 
[info] First, let's associate this project directory with a Firebase project.
[info] You can create multiple project aliases by running firebase use --add, 
[info] but for now we'll just set up a default project.
[info] 
[debug] [2023-11-08T19:23:31.602Z] > refreshing access token with scopes: []
[debug] [2023-11-08T19:23:31.605Z] >>> [apiv2][query] POST https://www.googleapis.com/oauth2/v3/token [none]
[debug] [2023-11-08T19:23:31.606Z] >>> [apiv2][body] POST https://www.googleapis.com/oauth2/v3/token [omitted]
[debug] [2023-11-08T19:23:32.096Z] <<< [apiv2][status] POST https://www.googleapis.com/oauth2/v3/token 200
[debug] [2023-11-08T19:23:32.096Z] <<< [apiv2][body] POST https://www.googleapis.com/oauth2/v3/token [omitted]
[debug] [2023-11-08T19:23:32.117Z] >>> [apiv2][query] GET https://firebase.googleapis.com/v1beta1/projects pageSize=100
[debug] [2023-11-08T19:23:33.285Z] <<< [apiv2][status] GET https://firebase.googleapis.com/v1beta1/projects 200
[debug] [2023-11-08T19:23:33.285Z] <<< [apiv2][body] GET https://firebase.googleapis.com/v1beta1/projects [omitted]
